************* Module Project
TextDetection\Project.py:33: [C0301(line-too-long), ] Line too long (102/100)
TextDetection\Project.py:38: [C0301(line-too-long), ] Line too long (103/100)
TextDetection\Project.py:54: [C0301(line-too-long), ] Line too long (101/100)
TextDetection\Project.py:58: [C0301(line-too-long), ] Line too long (103/100)
TextDetection\Project.py:1: [C0103(invalid-name), ] Module name "Project" doesn't conform to snake_case naming style
TextDetection\Project.py:1: [C0114(missing-module-docstring), ] Missing module docstring
TextDetection\Project.py:6: [C0103(invalid-name), ] Constant name "cap" doesn't conform to UPPER_CASE naming style
TextDetection\Project.py:6: [E1101(no-member), ] Module 'cv2' has no 'VideoCapture' member
TextDetection\Project.py:8: [C0103(invalid-name), ] Constant name "fps" doesn't conform to UPPER_CASE naming style
TextDetection\Project.py:8: [E1101(no-member), ] Module 'cv2' has no 'CAP_PROP_FPS' member
TextDetection\Project.py:14: [C0103(invalid-name), detectText] Function name "detectText" doesn't conform to snake_case naming style
TextDetection\Project.py:14: [C0116(missing-function-docstring), detectText] Missing function or method docstring
TextDetection\Project.py:61: [W0622(redefined-builtin), detectText] Redefining built-in 'list'
TextDetection\Project.py:14: [R0914(too-many-locals), detectText] Too many local variables (16/15)
TextDetection\Project.py:41: [E1101(no-member), detectText] Module 'cv2' has no 'cvtColor' member
TextDetection\Project.py:41: [E1101(no-member), detectText] Module 'cv2' has no 'COLOR_BGR2GRAY' member
TextDetection\Project.py:44: [E1101(no-member), detectText] Module 'cv2' has no 'normalize' member
TextDetection\Project.py:44: [E1101(no-member), detectText] Module 'cv2' has no 'NORM_MINMAX' member
TextDetection\Project.py:47: [E1101(no-member), detectText] Module 'cv2' has no 'Sobel' member
TextDetection\Project.py:47: [E1101(no-member), detectText] Module 'cv2' has no 'CV_8U' member
TextDetection\Project.py:50: [E1101(no-member), detectText] Module 'cv2' has no 'threshold' member
TextDetection\Project.py:50: [E1101(no-member), detectText] Module 'cv2' has no 'THRESH_BINARY' member
TextDetection\Project.py:53: [E1101(no-member), detectText] Module 'cv2' has no 'getStructuringElement' member
TextDetection\Project.py:53: [E1101(no-member), detectText] Module 'cv2' has no 'MORPH_ELLIPSE' member
TextDetection\Project.py:54: [E1101(no-member), detectText] Module 'cv2' has no 'morphologyEx' member
TextDetection\Project.py:54: [E1101(no-member), detectText] Module 'cv2' has no 'MORPH_DILATE' member
TextDetection\Project.py:55: [E1101(no-member), detectText] Module 'cv2' has no 'BORDER_REFLECT' member
TextDetection\Project.py:56: [E1101(no-member), detectText] Module 'cv2' has no 'imshow' member
TextDetection\Project.py:58: [E1101(no-member), detectText] Module 'cv2' has no 'findContours' member
TextDetection\Project.py:58: [E1101(no-member), detectText] Module 'cv2' has no 'RETR_EXTERNAL' member
TextDetection\Project.py:58: [E1101(no-member), detectText] Module 'cv2' has no 'CHAIN_APPROX_SIMPLE' member
TextDetection\Project.py:63: [E1101(no-member), detectText] Module 'cv2' has no 'boundingRect' member
TextDetection\Project.py:64: [C0103(invalid-name), detectText] Variable name "ar" doesn't conform to snake_case naming style
TextDetection\Project.py:70: [C0103(invalid-name), detectText] Variable name "r" doesn't conform to snake_case naming style
TextDetection\Project.py:72: [E1101(no-member), detectText] Module 'cv2' has no 'rectangle' member
TextDetection\Project.py:74: [E1101(no-member), detectText] Module 'cv2' has no 'imshow' member
TextDetection\Project.py:50: [W0612(unused-variable), detectText] Unused variable 'retval'
TextDetection\Project.py:58: [W0612(unused-variable), detectText] Unused variable 'im2'
TextDetection\Project.py:58: [W0612(unused-variable), detectText] Unused variable 'hierarchy'
TextDetection\Project.py:82: [C0103(invalid-name), ] Constant name "ret" doesn't conform to UPPER_CASE naming style
TextDetection\Project.py:82: [C0103(invalid-name), ] Constant name "frame" doesn't conform to UPPER_CASE naming style
TextDetection\Project.py:89: [E1101(no-member), ] Module 'cv2' has no 'waitKey' member
TextDetection\Project.py:2: [W0611(unused-import), ] Unused import time
TextDetection\Project.py:3: [W0611(unused-import), ] Unused numpy imported as np
TextDetection\Project.py:2: [C0411(wrong-import-order), ] standard import "import time" should be placed before "import cv2"

-------------------------------------

Your code has been rated at -31.52/10


