************* Module Project
Project.py:32: [C0301(line-too-long), ] Line too long (102/100)
Project.py:37: [C0301(line-too-long), ] Line too long (103/100)
Project.py:53: [C0301(line-too-long), ] Line too long (101/100)
Project.py:57: [C0301(line-too-long), ] Line too long (103/100)
Project.py:1: [C0103(invalid-name), ] Module name "Project" doesn't conform to snake_case naming style
Project.py:1: [C0114(missing-module-docstring), ] Missing module docstring
Project.py:5: [C0103(invalid-name), ] Constant name "cap" doesn't conform to UPPER_CASE naming style
Project.py:5: [E1101(no-member), ] Module 'cv2' has no 'VideoCapture' member
Project.py:7: [C0103(invalid-name), ] Constant name "fps" doesn't conform to UPPER_CASE naming style
Project.py:7: [E1101(no-member), ] Module 'cv2' has no 'CAP_PROP_FPS' member
Project.py:13: [C0103(invalid-name), detectText] Function name "detectText" doesn't conform to snake_case naming style
Project.py:13: [C0116(missing-function-docstring), detectText] Missing function or method docstring
Project.py:60: [W0622(redefined-builtin), detectText] Redefining built-in 'list'
Project.py:40: [E1101(no-member), detectText] Module 'cv2' has no 'cvtColor' member
Project.py:40: [E1101(no-member), detectText] Module 'cv2' has no 'COLOR_BGR2GRAY' member
Project.py:43: [E1101(no-member), detectText] Module 'cv2' has no 'normalize' member
Project.py:43: [E1101(no-member), detectText] Module 'cv2' has no 'NORM_MINMAX' member
Project.py:46: [E1101(no-member), detectText] Module 'cv2' has no 'Sobel' member
Project.py:46: [E1101(no-member), detectText] Module 'cv2' has no 'CV_8U' member
Project.py:49: [E1101(no-member), detectText] Module 'cv2' has no 'threshold' member
Project.py:49: [E1101(no-member), detectText] Module 'cv2' has no 'THRESH_BINARY' member
Project.py:52: [E1101(no-member), detectText] Module 'cv2' has no 'getStructuringElement' member
Project.py:52: [E1101(no-member), detectText] Module 'cv2' has no 'MORPH_ELLIPSE' member
Project.py:53: [E1101(no-member), detectText] Module 'cv2' has no 'morphologyEx' member
Project.py:53: [E1101(no-member), detectText] Module 'cv2' has no 'MORPH_DILATE' member
Project.py:54: [E1101(no-member), detectText] Module 'cv2' has no 'BORDER_REFLECT' member
Project.py:55: [E1101(no-member), detectText] Module 'cv2' has no 'imshow' member
Project.py:57: [E1101(no-member), detectText] Module 'cv2' has no 'findContours' member
Project.py:57: [E1101(no-member), detectText] Module 'cv2' has no 'RETR_EXTERNAL' member
Project.py:57: [E1101(no-member), detectText] Module 'cv2' has no 'CHAIN_APPROX_SIMPLE' member
Project.py:62: [E1101(no-member), detectText] Module 'cv2' has no 'boundingRect' member
Project.py:63: [C0103(invalid-name), detectText] Variable name "ar" doesn't conform to snake_case naming style
Project.py:69: [C0103(invalid-name), detectText] Variable name "r" doesn't conform to snake_case naming style
Project.py:71: [E1101(no-member), detectText] Module 'cv2' has no 'rectangle' member
Project.py:73: [E1101(no-member), detectText] Module 'cv2' has no 'imshow' member
Project.py:57: [W0612(unused-variable), detectText] Unused variable 'im2'
Project.py:57: [W0612(unused-variable), detectText] Unused variable 'hierarchy'
Project.py:81: [C0103(invalid-name), ] Constant name "ret" doesn't conform to UPPER_CASE naming style
Project.py:88: [E1101(no-member), ] Module 'cv2' has no 'waitKey' member
Project.py:2: [W0611(unused-import), ] Unused numpy imported as np

----------------------------------------------------------------------

Your code has been rated at -31.25/10 (previous run: -31.56/10, +0.31)


